0 verbose cli [ '/usr/bin/node', '/usr/bin/npm', 'i' ]
1 info using npm@8.5.1
2 info using node@v12.22.9
3 timing npm:load:whichnode Completed in 0ms
4 timing config:load:defaults Completed in 1ms
5 timing config:load:file:/usr/share/nodejs/npm/npmrc Completed in 3ms
6 timing config:load:builtin Completed in 3ms
7 timing config:load:cli Completed in 1ms
8 timing config:load:env Completed in 0ms
9 timing config:load:file:/root/synthlog/testing/.npmrc Completed in 1ms
10 timing config:load:project Completed in 4ms
11 timing config:load:file:/root/.npmrc Completed in 0ms
12 timing config:load:user Completed in 0ms
13 timing config:load:file:/etc/npmrc Completed in 0ms
14 timing config:load:global Completed in 0ms
15 timing config:load:validate Completed in 1ms
16 timing config:load:credentials Completed in 0ms
17 timing config:load:setEnvs Completed in 1ms
18 timing config:load Completed in 11ms
19 timing npm:load:configload Completed in 11ms
20 timing npm:load:setTitle Completed in 0ms
21 timing config:load:flatten Completed in 1ms
22 timing npm:load:display Completed in 3ms
23 verbose logfile /root/.npm/_logs/2023-10-13T13_38_47_755Z-debug-0.log
24 timing npm:load:logFile Completed in 4ms
25 timing npm:load:timers Completed in 0ms
26 timing npm:load:configScope Completed in 0ms
27 timing npm:load Completed in 18ms
28 timing arborist:ctor Completed in 1ms
29 timing idealTree:init Completed in 222ms
30 timing idealTree:userRequests Completed in 0ms
31 silly idealTree buildDeps
32 timing idealTree:#root Completed in 0ms
33 timing idealTree:buildDeps Completed in 1ms
34 timing idealTree:fixDepFlags Completed in 0ms
35 timing idealTree Completed in 226ms
36 timing command:i Completed in 240ms
37 verbose stack Error: Unsupported engine
37 verbose stack     at checkEngine (/usr/share/nodejs/npm/node_modules/npm-install-checks/index.js:15:25)
37 verbose stack     at c (/usr/share/nodejs/@npmcli/arborist/lib/arborist/build-ideal-tree.js:243:7)
37 verbose stack     at Arborist.[checkEngine] (/usr/share/nodejs/@npmcli/arborist/lib/arborist/build-ideal-tree.js:246:7)
37 verbose stack     at Arborist.[checkEngineAndPlatform] (/usr/share/nodejs/@npmcli/arborist/lib/arborist/build-ideal-tree.js:230:27)
37 verbose stack     at Arborist.buildIdealTree (/usr/share/nodejs/@npmcli/arborist/lib/arborist/build-ideal-tree.js:218:42)
37 verbose stack     at async Promise.all (index 1)
37 verbose stack     at async Arborist.reify (/usr/share/nodejs/@npmcli/arborist/lib/arborist/reify.js:152:5)
37 verbose stack     at async Install.exec (/usr/share/nodejs/npm/lib/commands/install.js:157:5)
37 verbose stack     at async module.exports (/usr/share/nodejs/npm/lib/cli.js:66:5)
38 verbose pkgid @sveltejs/kit@1.22.3
39 verbose cwd /root/synthlog/testing
40 verbose Linux 5.15.90.1-microsoft-standard-WSL2
41 verbose argv "/usr/bin/node" "/usr/bin/npm" "i"
42 verbose node v12.22.9
43 verbose npm  v8.5.1
44 error code EBADENGINE
45 error engine Unsupported engine
46 error engine Not compatible with your version of node/npm: @sveltejs/kit@1.22.3
47 error notsup Not compatible with your version of node/npm: @sveltejs/kit@1.22.3
47 error notsup Required: {"node":"^16.14 || >=18"}
47 error notsup Actual:   {"npm":"8.5.1","node":"v12.22.9"}
48 verbose exit 1
49 timing npm Completed in 463ms
50 verbose unfinished npm timer reify 1697204327974
51 verbose unfinished npm timer reify:loadTrees 1697204327985
52 verbose code 1
53 error A complete log of this run can be found in:
53 error     /root/.npm/_logs/2023-10-13T13_38_47_755Z-debug-0.log
